<?xml version="1.0" encoding="UTF-8"?>
<!-- Generated by org.testng.reporters.JUnitReportReporter -->
<testsuite hostname="LAPTOP-5KMFOFH9" failures="0" tests="1" name="testAppGuestures.DragnDropGestureTest" time="15.211" errors="0" timestamp="2024-04-16T22:03:21 IST" skipped="0">
  <testcase classname="testAppGuestures.DragnDropGestureTest" name="testDragnDrop" time="15.211"/>
  <system-out/>
</testsuite> <!-- testAppGuestures.DragnDropGestureTest -->
