<?xml version="1.0" encoding="UTF-8"?>
<!-- Generated by org.testng.reporters.JUnitReportReporter -->
<testsuite hostname="LAPTOP-5KMFOFH9" failures="0" tests="1" name="testAppGuestures.ScrollGesture" time="16.717" errors="0" timestamp="2024-04-18T20:37:23 IST" skipped="0">
  <testcase classname="testAppGuestures.ScrollGesture" name="testScrollGesture" time="16.717"/>
  <system-out/>
</testsuite> <!-- testAppGuestures.ScrollGesture -->
