<?xml version="1.0" encoding="UTF-8"?>
<!-- Generated by org.testng.reporters.JUnitReportReporter -->
<testsuite hostname="LAPTOP-5KMFOFH9" failures="0" tests="1" name="driverSession.FirstAppiumSession" time="18.840" errors="0" timestamp="2024-04-16T20:22:55 IST" skipped="0">
  <testcase classname="driverSession.FirstAppiumSession" name="testDriverSession" time="18.840"/>
  <system-out/>
</testsuite> <!-- driverSession.FirstAppiumSession -->
