<?xml version="1.0" encoding="UTF-8"?>
<!-- Generated by org.testng.reporters.JUnitReportReporter -->
<testsuite hostname="LAPTOP-5KMFOFH9" failures="0" tests="1" name="testAppGuestures.LongclickGestureTest" time="17.036" errors="0" timestamp="2024-04-16T21:52:30 IST" skipped="0">
  <testcase classname="testAppGuestures.LongclickGestureTest" name="testLongClick" time="17.036"/>
  <system-out/>
</testsuite> <!-- testAppGuestures.LongclickGestureTest -->
