<?xml version="1.0" encoding="UTF-8"?>
<!-- Generated by org.testng.reporters.JUnitReportReporter -->
<testsuite hostname="LAPTOP-5KMFOFH9" failures="0" tests="1" name="mobileAppScenarios.AlertHandling2" time="6.717" errors="0" timestamp="2024-04-19T22:20:59 IST" skipped="0">
  <testcase classname="mobileAppScenarios.AlertHandling2" name="testEntryDialog" time="6.717"/>
  <system-out/>
</testsuite> <!-- mobileAppScenarios.AlertHandling2 -->
