<?xml version="1.0" encoding="UTF-8"?>
<!-- Generated by org.testng.reporters.JUnitReportReporter -->
<testsuite hostname="LAPTOP-5KMFOFH9" failures="0" tests="1" name="testAppGuestures.SwipeGesture" time="17.264" errors="0" timestamp="2024-04-18T20:57:05 IST" skipped="0">
  <testcase classname="testAppGuestures.SwipeGesture" name="testSwipeGesture" time="17.264"/>
  <system-out/>
</testsuite> <!-- testAppGuestures.SwipeGesture -->
