<?xml version="1.0" encoding="UTF-8"?>
<!-- Generated by org.testng.reporters.JUnitReportReporter -->
<testsuite hostname="LAPTOP-5KMFOFH9" failures="0" tests="1" name="driverSession.DriverSessionWithAppPackage_Activity" time="9.859" errors="0" timestamp="2024-04-16T20:36:03 IST" skipped="0">
  <testcase classname="driverSession.DriverSessionWithAppPackage_Activity" name="testDriverSession" time="9.859"/>
  <system-out/>
</testsuite> <!-- driverSession.DriverSessionWithAppPackage_Activity -->
