<?xml version="1.0" encoding="UTF-8"?>
<!-- Generated by org.testng.reporters.JUnitReportReporter -->
<testsuite hostname="LAPTOP-5KMFOFH9" failures="0" tests="1" name="mobileAppScenarios.WorkingWithApplication" time="13.918" errors="0" timestamp="2024-04-19T21:30:14 IST" skipped="0">
  <testcase classname="mobileAppScenarios.WorkingWithApplication" name="testCommandsForApp" time="13.918"/>
  <system-out/>
</testsuite> <!-- mobileAppScenarios.WorkingWithApplication -->
