<?xml version="1.0" encoding="UTF-8"?>
<!-- Generated by org.testng.reporters.JUnitReportReporter -->
<testsuite hostname="LAPTOP-5KMFOFH9" failures="0" tests="1" name="mobileAppScenarios.NotificationTest" time="0.650" errors="0" timestamp="2024-04-19T20:21:03 IST" skipped="0">
  <testcase classname="mobileAppScenarios.NotificationTest" name="testNotification" time="0.650"/>
  <system-out/>
</testsuite> <!-- mobileAppScenarios.NotificationTest -->
