<?xml version="1.0" encoding="UTF-8"?>
<!-- Generated by org.testng.reporters.JUnitReportReporter -->
<testsuite hostname="LAPTOP-5KMFOFH9" failures="0" tests="1" name="mobileAppScenarios.GetPerformanceParameters" time="0.563" errors="0" timestamp="2024-04-19T21:02:09 IST" skipped="0">
  <testcase classname="mobileAppScenarios.GetPerformanceParameters" name="testPerformance" time="0.563"/>
  <system-out/>
</testsuite> <!-- mobileAppScenarios.GetPerformanceParameters -->
