<?xml version="1.0" encoding="UTF-8"?>
<!-- Generated by org.testng.reporters.JUnitReportReporter -->
<testsuite hostname="LAPTOP-5KMFOFH9" failures="0" tests="2" name="mobileAppScenarios.AlertHandling" time="3.150" errors="0" timestamp="2024-04-18T21:21:58 IST" skipped="0">
  <testcase classname="mobileAppScenarios.AlertHandling" name="testAlert1" time="1.479"/>
  <system-out/>
  <testcase classname="mobileAppScenarios.AlertHandling" name="testAlert2" time="1.671"/>
  <system-out/>
</testsuite> <!-- mobileAppScenarios.AlertHandling -->
