<?xml version="1.0" encoding="UTF-8"?>
<!-- Generated by org.testng.reporters.JUnitReportReporter -->
<testsuite hostname="LAPTOP-5KMFOFH9" failures="0" tests="1" name="reports.ExtentReportDemo" time="0.890" errors="0" timestamp="2024-04-19T22:00:57 IST" skipped="0">
  <testcase classname="reports.ExtentReportDemo" name="testReport" time="0.890"/>
  <system-out/>
</testsuite> <!-- reports.ExtentReportDemo -->
