<?xml version="1.0" encoding="UTF-8"?>
<!-- Generated by org.testng.reporters.JUnitReportReporter -->
<testsuite hostname="LAPTOP-5KMFOFH9" failures="0" tests="1" name="mobileAppScenarios.ToggleData_Wifi_AirplaneMode" time="10.232" errors="0" timestamp="2024-04-19T20:42:48 IST" skipped="0">
  <testcase classname="mobileAppScenarios.ToggleData_Wifi_AirplaneMode" name="testToggleSetup" time="10.232"/>
  <system-out/>
</testsuite> <!-- mobileAppScenarios.ToggleData_Wifi_AirplaneMode -->
