<?xml version="1.0" encoding="UTF-8"?>
<!-- Generated by org.testng.reporters.JUnitReportReporter -->
<testsuite hostname="LAPTOP-5KMFOFH9" failures="0" tests="1" name="testAppGuestures.LocatorsInAppium" time="23.114" errors="0" timestamp="2024-04-16T21:30:10 IST" skipped="0">
  <testcase classname="testAppGuestures.LocatorsInAppium" name="testLocators" time="23.114"/>
  <system-out/>
</testsuite> <!-- testAppGuestures.LocatorsInAppium -->
