<?xml version="1.0" encoding="UTF-8"?>
<!-- Generated by org.testng.reporters.JUnitReportReporter -->
<testsuite hostname="LAPTOP-5KMFOFH9" failures="0" tests="1" name="testAppGuestures.ClickGestureTest" time="10.979" errors="0" timestamp="2024-04-16T21:40:23 IST" skipped="0">
  <testcase classname="testAppGuestures.ClickGestureTest" name="testClick" time="10.979"/>
  <system-out/>
</testsuite> <!-- testAppGuestures.ClickGestureTest -->
