<?xml version="1.0" encoding="UTF-8"?>
<!-- Generated by org.testng.reporters.JUnitReportReporter -->
<testsuite hostname="LAPTOP-5KMFOFH9" failures="0" tests="2" name="mobileAppScenarios.AlertHandling" time="3.626" errors="0" timestamp="2024-04-19T21:39:53 IST" skipped="0">
  <testcase classname="mobileAppScenarios.AlertHandling" name="testAlert1" time="1.706"/>
  <system-out/>
  <testcase classname="mobileAppScenarios.AlertHandling" name="testAlert2" time="1.920"/>
  <system-out/>
</testsuite> <!-- mobileAppScenarios.AlertHandling -->
