<?xml version="1.0" encoding="UTF-8"?>
<!-- Generated by org.testng.reporters.JUnitReportReporter -->
<testsuite hostname="LAPTOP-5KMFOFH9" failures="0" tests="1" name="mobileAppScenarios.Lock_Unlock_Rotate" time="0.465" errors="0" timestamp="2024-04-18T22:16:05 IST" skipped="0">
  <testcase classname="mobileAppScenarios.Lock_Unlock_Rotate" name="testLock_Unlock_Rotate" time="0.465"/>
  <system-out/>
</testsuite> <!-- mobileAppScenarios.Lock_Unlock_Rotate -->
