<?xml version="1.0" encoding="UTF-8"?>
<!-- Generated by org.testng.reporters.JUnitReportReporter -->
<testsuite hostname="LAPTOP-5KMFOFH9" failures="0" tests="1" name="driverSession.CreateSessionWithOptions" time="11.587" errors="0" timestamp="2024-04-15T21:57:51 IST" skipped="0">
  <testcase classname="driverSession.CreateSessionWithOptions" name="testDriverSession" time="11.587"/>
  <system-out/>
</testsuite> <!-- driverSession.CreateSessionWithOptions -->
