<?xml version="1.0" encoding="UTF-8"?>
<!-- Generated by org.testng.reporters.JUnitReportReporter -->
<testsuite hostname="LAPTOP-5KMFOFH9" failures="0" tests="1" name="mobileAppScenarios.KeyEventTest" time="11.967" errors="0" timestamp="2024-04-18T22:08:29 IST" skipped="0">
  <testcase classname="mobileAppScenarios.KeyEventTest" name="testTextArea" time="11.967"/>
  <system-out/>
</testsuite> <!-- mobileAppScenarios.KeyEventTest -->
